[debug] [2018-08-25T17:58:42.468Z] ----------------------------------------------------------------------
[debug] [2018-08-25T17:58:42.471Z] Command:       C:\Program Files\nodejs\node.exe C:\Users\Keji\AppData\Roaming\npm\node_modules\firebase-tools\bin\firebase serve
[debug] [2018-08-25T17:58:42.471Z] CLI Version:   3.18.6
[debug] [2018-08-25T17:58:42.471Z] Platform:      win32
[debug] [2018-08-25T17:58:42.471Z] Node Version:  v8.11.3
[debug] [2018-08-25T17:58:42.471Z] Time:          Sun Aug 26 2018 01:58:42 GMT+0800 (Malay Peninsula Standard Time)
[debug] [2018-08-25T17:58:42.471Z] ----------------------------------------------------------------------
[debug] 
[debug] [2018-08-25T17:58:42.482Z] > command requires scopes: ["email","openid","https://www.googleapis.com/auth/cloudplatformprojects.readonly","https://www.googleapis.com/auth/firebase","https://www.googleapis.com/auth/cloud-platform"]
[debug] [2018-08-25T17:58:42.483Z] > authorizing via signed-in user
[debug] [2018-08-25T17:58:42.485Z] > refreshing access token with scopes: ["email","https://www.googleapis.com/auth/cloud-platform","https://www.googleapis.com/auth/cloudplatformprojects.readonly","https://www.googleapis.com/auth/firebase","openid"]
[debug] [2018-08-25T17:58:42.485Z] >>> HTTP REQUEST POST https://www.googleapis.com/oauth2/v3/token  
 { refresh_token: '1/bud917qMTXCgjxCLDxRfto26Gj7XSIZj60E1i7JDxBGKEUDJ_c0LW2Q9JXmW9X9T',
  client_id: '563584335869-fgrhgmd47bqnekij5i8b5pr03ho849e6.apps.googleusercontent.com',
  client_secret: 'j9iVZfS8kkCEFUPaAeJV0sAi',
  grant_type: 'refresh_token',
  scope: 'email https://www.googleapis.com/auth/cloud-platform https://www.googleapis.com/auth/cloudplatformprojects.readonly https://www.googleapis.com/auth/firebase openid' } 
 Sun Aug 26 2018 01:58:42 GMT+0800 (Malay Peninsula Standard Time)
[debug] [2018-08-25T17:58:43.221Z] <<< HTTP RESPONSE 200
[debug] [2018-08-25T17:58:43.225Z] >>> HTTP REQUEST GET https://admin.firebase.com/v1/projects/announcementsystem-19c49  
  
 Sun Aug 26 2018 01:58:43 GMT+0800 (Malay Peninsula Standard Time)
[debug] [2018-08-25T17:58:44.661Z] <<< HTTP RESPONSE 200
[debug] [2018-08-25T17:58:44.662Z] >>> HTTP REQUEST GET https://admin.firebase.com/v1/database/announcementsystem-19c49/tokens  
  
 Sun Aug 26 2018 01:58:44 GMT+0800 (Malay Peninsula Standard Time)
[debug] [2018-08-25T17:58:45.561Z] <<< HTTP RESPONSE 200
[debug] [2018-08-25T17:58:45.562Z] >>> HTTP REQUEST GET https://cloudresourcemanager.googleapis.com/v1/projects/announcementsystem-19c49  
  
 Sun Aug 26 2018 01:58:45 GMT+0800 (Malay Peninsula Standard Time)
[debug] [2018-08-25T17:58:48.693Z] <<< HTTP RESPONSE 200
[info] 
[info] === Serving from 'C:\Users\Keji\announcementapp\thegithubfinal\Announcements'...
[info] 
[debug] [2018-08-25T17:58:48.698Z] >>> HTTP REQUEST GET https://mobilesdk-pa.googleapis.com/v1/projects/703465160774/clients/_:getWebAppConfig  
  
 Sun Aug 26 2018 01:58:48 GMT+0800 (Malay Peninsula Standard Time)
[debug] [2018-08-25T17:58:50.915Z] <<< HTTP RESPONSE 200
[info] i  hosting: Serving hosting files from: public
[info] +  hosting: Local server: http://localhost:5000

